<?xml version="1.0" encoding="UTF-8"?>
<!-- Generated by org.testng.reporters.JUnitXMLReporter -->
<testsuite hostname="VAIO" ignored="0" name="Validate all covid-19 test cases" tests="6" failures="0" timestamp="15 May 2020 20:49:41 GMT" time="40.99" errors="0">
  <testcase name="login1" time="0.035" classname="com.covid.Test1"/>
  <testcase name="login2" time="4.907" classname="com.covid.Test1"/>
  <testcase name="login2" time="3.555" classname="com.covid20.Test2"/>
  <testcase name="add" time="0.001" classname="covid21.Test3"/>
  <testcase name="multiply" time="0.001" classname="covid21.Test3"/>
  <testcase name="sub" time="0.0" classname="covid21.Test3"/>
</testsuite> <!-- Validate all covid-19 test cases -->
