<?xml version="1.0" encoding="UTF-8"?>
<!-- Generated by org.testng.reporters.JUnitXMLReporter -->
<testsuite hostname="VAIO" ignored="0" name="Command line test" tests="6" failures="0" timestamp="15 May 2020 20:00:34 GMT" time="46.893" errors="0">
  <testcase name="login1" time="0.016" classname="com.covid.Test1"/>
  <testcase name="login2" time="7.904" classname="com.covid.Test1"/>
  <testcase name="login2" time="7.388" classname="com.covid20.Test2"/>
  <testcase name="add" time="0.0" classname="covid21.Test3"/>
  <testcase name="multiply" time="0.0" classname="covid21.Test3"/>
  <testcase name="sub" time="0.001" classname="covid21.Test3"/>
</testsuite> <!-- Command line test -->
