<?xml version="1.0" encoding="UTF-8"?>
<!-- Generated by org.testng.reporters.JUnitXMLReporter -->
<testsuite hostname="VAIO" ignored="0" name="Validate all covid-19 test cases" tests="3" failures="0" timestamp="15 May 2020 19:04:39 GMT" time="48.074" errors="0">
  <testcase name="login1" time="0.025" classname="com.covid.Test1"/>
  <testcase name="login2" time="5.681" classname="com.covid.Test1"/>
  <testcase name="login2" time="10.541" classname="com.covid.Test2"/>
</testsuite> <!-- Validate all covid-19 test cases -->
