<?xml version="1.0" encoding="UTF-8"?>
<testng-results skipped="0" failed="0" ignored="0" total="3" passed="3">
  <reporter-output>
  </reporter-output>
  <suite name="covid-19" duration-ms="48074" started-at="2020-05-15T19:03:51Z" finished-at="2020-05-15T19:04:39Z">
    <groups>
    </groups>
    <test name="Validate all covid-19 test cases" duration-ms="48074" started-at="2020-05-15T19:03:51Z" finished-at="2020-05-15T19:04:39Z">
      <class name="com.covid.Test2">
        <test-method status="PASS" signature="login()[pri:0, instance:com.covid.Test2@77cd7a0]" name="login" is-config="true" duration-ms="8948" started-at="2020-05-15T19:04:19Z" finished-at="2020-05-15T19:04:28Z">
          <reporter-output>
          </reporter-output>
        </test-method> <!-- login -->
        <test-method status="PASS" signature="login2()[pri:0, instance:com.covid.Test2@77cd7a0]" name="login2" duration-ms="10541" started-at="2020-05-15T19:04:28Z" finished-at="2020-05-15T19:04:38Z">
          <reporter-output>
          </reporter-output>
        </test-method> <!-- login2 -->
        <test-method status="PASS" signature="teardown()[pri:0, instance:com.covid.Test2@77cd7a0]" name="teardown" is-config="true" duration-ms="1133" started-at="2020-05-15T19:04:38Z" finished-at="2020-05-15T19:04:39Z">
          <reporter-output>
          </reporter-output>
        </test-method> <!-- teardown -->
      </class> <!-- com.covid.Test2 -->
      <class name="com.covid.Test1">
        <test-method status="PASS" signature="login()[pri:0, instance:com.covid.Test1@4667ae56]" name="login" is-config="true" duration-ms="10592" started-at="2020-05-15T19:03:51Z" finished-at="2020-05-15T19:04:02Z">
          <reporter-output>
          </reporter-output>
        </test-method> <!-- login -->
        <test-method status="PASS" signature="login1()[pri:0, instance:com.covid.Test1@4667ae56]" name="login1" duration-ms="25" started-at="2020-05-15T19:04:02Z" finished-at="2020-05-15T19:04:02Z">
          <reporter-output>
          </reporter-output>
        </test-method> <!-- login1 -->
        <test-method status="PASS" signature="teardown()[pri:0, instance:com.covid.Test1@4667ae56]" name="teardown" is-config="true" duration-ms="1189" started-at="2020-05-15T19:04:02Z" finished-at="2020-05-15T19:04:03Z">
          <reporter-output>
          </reporter-output>
        </test-method> <!-- teardown -->
        <test-method status="PASS" signature="login()[pri:0, instance:com.covid.Test1@4667ae56]" name="login" is-config="true" duration-ms="8910" started-at="2020-05-15T19:04:03Z" finished-at="2020-05-15T19:04:12Z">
          <reporter-output>
          </reporter-output>
        </test-method> <!-- login -->
        <test-method status="PASS" signature="login2()[pri:0, instance:com.covid.Test1@4667ae56]" name="login2" duration-ms="5681" started-at="2020-05-15T19:04:12Z" finished-at="2020-05-15T19:04:18Z">
          <reporter-output>
          </reporter-output>
        </test-method> <!-- login2 -->
        <test-method status="PASS" signature="teardown()[pri:0, instance:com.covid.Test1@4667ae56]" name="teardown" is-config="true" duration-ms="981" started-at="2020-05-15T19:04:18Z" finished-at="2020-05-15T19:04:19Z">
          <reporter-output>
          </reporter-output>
        </test-method> <!-- teardown -->
      </class> <!-- com.covid.Test1 -->
    </test> <!-- Validate all covid-19 test cases -->
  </suite> <!-- covid-19 -->
</testng-results>
